<?xml version="1.0" encoding="UTF-8"?>
<testsuite xmlns:xsi="http://www.w3.org/2001/XMLSchema-instance" xsi:schemaLocation="https://maven.apache.org/surefire/maven-surefire-plugin/xsd/surefire-test-report.xsd" name="test.DemoRunner" time="91.989" tests="15" errors="0" skipped="0" failures="0">
  <properties>
    <property name="java.vendor" value="Oracle Corporation"/>
    <property name="JOB_NAME" value="cucumber_mav"/>
    <property name="sun.java.launcher" value="SUN_STANDARD"/>
    <property name="NUMBER_OF_PROCESSORS" value="4"/>
    <property name="sun.management.compiler" value="HotSpot Client Compiler"/>
    <property name="JENKINS_HOME" value="C:\Users\DMECH.53\.jenkins"/>
    <property name="HUDSON_SERVER_COOKIE" value="de2f969fe78fae47"/>
    <property name="POM_ARTIFACTID" value="NumberGenerator"/>
    <property name="os.name" value="Windows 8"/>
    <property name="sun.boot.class.path" value="C:\Program Files\Java\jdk1.8.0_101\jre\lib\resources.jar;C:\Program Files\Java\jdk1.8.0_101\jre\lib\rt.jar;C:\Program Files\Java\jdk1.8.0_101\jre\lib\sunrsasign.jar;C:\Program Files\Java\jdk1.8.0_101\jre\lib\jsse.jar;C:\Program Files\Java\jdk1.8.0_101\jre\lib\jce.jar;C:\Program Files\Java\jdk1.8.0_101\jre\lib\charsets.jar;C:\Program Files\Java\jdk1.8.0_101\jre\lib\jfr.jar;C:\Program Files\Java\jdk1.8.0_101\jre\classes"/>
    <property name="EXECUTOR_NUMBER" value="1"/>
    <property name="sun.desktop" value="windows"/>
    <property name="PATHEXT" value=".COM;.EXE;.BAT;.CMD;.VBS;.VBE;.JS;.JSE;.WSF;.WSH;.MSC"/>
    <property name="java.vm.specification.vendor" value="Oracle Corporation"/>
    <property name="POM_DISPLAYNAME" value="NumberGenerator"/>
    <property name="NODE_LABELS" value="master"/>
    <property name="TEMP" value="C:\Users\DMECH.53\AppData\Local\Temp"/>
    <property name="java.runtime.version" value="1.8.0_101-b13"/>
    <property name="user.name" value="DMECH.53"/>
    <property name="guice.disable.misplaced.annotation.check" value="true"/>
    <property name="ProgramFiles" value="C:\Program Files"/>
    <property name="PROMPT" value="$P$G"/>
    <property name="user.language" value="en"/>
    <property name="JOB_BASE_NAME" value="cucumber_mav"/>
    <property name="RUN_CHANGES_DISPLAY_URL" value="http://localhost:8080/job/cucumber_mav/11/display/redirect?page=changes"/>
    <property name="BUILD_DISPLAY_NAME" value="#11"/>
    <property name="sun.boot.library.path" value="C:\Program Files\Java\jdk1.8.0_101\jre\bin"/>
    <property name="LOCALAPPDATA" value="C:\Users\DMECH.53\AppData\Local"/>
    <property name="java.version" value="1.8.0_101"/>
    <property name="PROCESSOR_LEVEL" value="6"/>
    <property name="user.timezone" value="Asia/Calcutta"/>
    <property name="USERNAME" value="DMECH.53"/>
    <property name="sun.arch.data.model" value="32"/>
    <property name="NODE_NAME" value="master"/>
    <property name="java.endorsed.dirs" value="C:\Program Files\Java\jdk1.8.0_101\jre\lib\endorsed"/>
    <property name="BUILD_ID" value="11"/>
    <property name="sun.cpu.isalist" value="pentium_pro+mmx pentium_pro pentium+mmx pentium i486 i386 i86"/>
    <property name="sun.jnu.encoding" value="Cp1252"/>
    <property name="file.encoding.pkg" value="sun.io"/>
    <property name="file.separator" value="\"/>
    <property name="java.specification.name" value="Java Platform API Specification"/>
    <property name="HOMEDRIVE" value="C:"/>
    <property name="java.class.version" value="52.0"/>
    <property name="org.slf4j.simpleLogger.defaultLogLevel" value="info"/>
    <property name="user.country" value="US"/>
    <property name="ALLUSERSPROFILE" value="C:\ProgramData"/>
    <property name="java.home" value="C:\Program Files\Java\jdk1.8.0_101\jre"/>
    <property name="java.vm.info" value="mixed mode"/>
    <property name="os.version" value="6.2"/>
    <property name="=ExitCode" value="00000082"/>
    <property name="RUN_DISPLAY_URL" value="http://localhost:8080/job/cucumber_mav/11/display/redirect"/>
    <property name="POM_VERSION" value="1.0-SNAPSHOT"/>
    <property name="TMP" value="C:\Users\DMECH.53\AppData\Local\Temp"/>
    <property name="path.separator" value=";"/>
    <property name="java.vm.version" value="25.101-b13"/>
    <property name="user.variant" value=""/>
    <property name="JOB_DISPLAY_URL" value="http://localhost:8080/job/cucumber_mav/display/redirect"/>
    <property name="USERDOMAIN_ROAMINGPROFILE" value="STREETF8ER"/>
    <property name="java.awt.printerjob" value="sun.awt.windows.WPrinterJob"/>
    <property name="FP_NO_HOST_CHECK" value="NO"/>
    <property name="JAVA_HOME" value="C:\Program Files\Java\jdk1.8.0_101"/>
    <property name="sun.io.unicode.encoding" value="UnicodeLittle"/>
    <property name="CommonProgramFiles" value="C:\Program Files\Common Files"/>
    <property name="ComSpec" value="C:\Windows\system32\cmd.exe"/>
    <property name="HOMEPATH" value="\Users\DMECH.53"/>
    <property name="awt.toolkit" value="sun.awt.windows.WToolkit"/>
    <property name="POM_PACKAGING" value="jar"/>
    <property name="COMPUTERNAME" value="STREETF8ER"/>
    <property name="user.script" value=""/>
    <property name="asl.log" value="Destination=file"/>
    <property name="POM_GROUPID" value="com.mkyong"/>
    <property name="user.home" value="C:\Users\DMECH.53"/>
    <property name="PUBLIC" value="C:\Users\Public"/>
    <property name="BUILD_TAG" value="jenkins-cucumber_mav-11"/>
    <property name="JENKINS_SERVER_COOKIE" value="de2f969fe78fae47"/>
    <property name="HUDSON_URL" value="http://localhost:8080/"/>
    <property name="ProgramData" value="C:\ProgramData"/>
    <property name="java.specification.vendor" value="Oracle Corporation"/>
    <property name="USERPROFILE" value="C:\Users\DMECH.53"/>
    <property name="CLASSPATH" value=""/>
    <property name="java.vendor.url" value="http://java.oracle.com/"/>
    <property name="java.library.path" value="C:\Program Files\Java\jdk1.8.0_101\bin;C:\Windows\Sun\Java\bin;C:\Windows\system32;C:\Windows;C:\Users\Apache-MAVEN-3.3.3/bin;C:\Program Files\Java\jdk1.8.0_101/bin;C:\Program Files\Java\jdk1.8.0_101/bin;C:\Program Files\Broadcom\Broadcom 802.11 Network Adapter;C:\Windows\system32;C:\Windows;C:\Windows\System32\Wbem;C:\Windows\System32\WindowsPowerShell\v1.0\;C:\Program Files\WIDCOMM\Bluetooth Software\;C:\Program Files\Java\jdk1.8.0_101\bin;C:\Users\Apache-MAVEN-3.3.3\bin;C:\Program Files\Java\jdk1.8.0_92\bin;C:\Program Files\Skype\Phone\;C:\Program Files\Git\cmd;."/>
    <property name="java.vm.vendor" value="Oracle Corporation"/>
    <property name="APPDATA" value="C:\Users\DMECH.53\AppData\Roaming"/>
    <property name="java.runtime.name" value="Java(TM) SE Runtime Environment"/>
    <property name="maven.home" value="C:\Users\Apache-MAVEN-3.3.3"/>
    <property name="java.class.path" value="C:\Users\DMECH.53\.jenkins\plugins\maven-plugin\WEB-INF\lib\maven33-agent-1.8.1.jar;C:\Users\Apache-MAVEN-3.3.3\boot\plexus-classworlds-2.5.2.jar;C:\Users\Apache-MAVEN-3.3.3/conf/logging"/>
    <property name="sun.java.command" value="jenkins.maven3.agent.Maven33Main C:\Users\Apache-MAVEN-3.3.3 C:\Users\DMECH.53\.jenkins\war\WEB-INF\lib\remoting-3.4.1.jar C:\Users\DMECH.53\.jenkins\plugins\maven-plugin\WEB-INF\lib\maven33-interceptor-1.8.1.jar C:\Users\DMECH.53\.jenkins\plugins\maven-plugin\WEB-INF\lib\maven3-interceptor-commons-1.8.1.jar 60101"/>
    <property name="Path" value="C:\Program Files\Java\jdk1.8.0_101/bin;C:\Program Files\Broadcom\Broadcom 802.11 Network Adapter;C:\Windows\system32;C:\Windows;C:\Windows\System32\Wbem;C:\Windows\System32\WindowsPowerShell\v1.0\;C:\Program Files\WIDCOMM\Bluetooth Software\;C:\Program Files\Java\jdk1.8.0_101\bin;C:\Users\Apache-MAVEN-3.3.3\bin;C:\Program Files\Java\jdk1.8.0_92\bin;C:\Program Files\Skype\Phone\;C:\Program Files\Git\cmd"/>
    <property name="java.vm.specification.name" value="Java Virtual Machine Specification"/>
    <property name="PROCESSOR_ARCHITECTURE" value="x86"/>
    <property name="PATH+JDK" value="C:\Program Files\Java\jdk1.8.0_101/bin"/>
    <property name="PROCESSOR_IDENTIFIER" value="x86 Family 6 Model 58 Stepping 9, GenuineIntel"/>
    <property name="SESSIONNAME" value="Console"/>
    <property name="java.vm.specification.version" value="1.8"/>
    <property name="sun.os.patch.level" value=""/>
    <property name="sun.cpu.endian" value="little"/>
    <property name="M2_HOME" value="C:\Users\Apache-MAVEN-3.3.3"/>
    <property name="java.io.tmpdir" value="C:\Users\DMECH.53\AppData\Local\Temp\"/>
    <property name="OS" value="Windows_NT"/>
    <property name="HUDSON_HOME" value="C:\Users\DMECH.53\.jenkins"/>
    <property name="PATH+MAVEN" value="C:\Users\Apache-MAVEN-3.3.3/bin"/>
    <property name="BUILD_URL" value="http://localhost:8080/job/cucumber_mav/11/"/>
    <property name="java.vendor.url.bug" value="http://bugreport.sun.com/bugreport/"/>
    <property name="java.awt.graphicsenv" value="sun.awt.Win32GraphicsEnvironment"/>
    <property name="os.arch" value="x86"/>
    <property name="SystemRoot" value="C:\Windows"/>
    <property name="java.ext.dirs" value="C:\Program Files\Java\jdk1.8.0_101\jre\lib\ext;C:\Windows\Sun\Java\lib\ext"/>
    <property name="user.dir" value="C:\Users\DMECH.53\Cucumber"/>
    <property name="JOB_URL" value="http://localhost:8080/job/cucumber_mav/"/>
    <property name="LOGONSERVER" value="\\STREETF8ER"/>
    <property name="USERDOMAIN" value="STREETF8ER"/>
    <property name="line.separator" value="&#10;"/>
    <property name="MAVEN_HOME" value="C:\Users\Apache-MAVEN-3.3.3"/>
    <property name="java.vm.name" value="Java HotSpot(TM) Client VM"/>
    <property name="BUILD_NUMBER" value="11"/>
    <property name="JENKINS_URL" value="http://localhost:8080/"/>
    <property name="PROCESSOR_REVISION" value="3a09"/>
    <property name="maven.test.failure.ignore" value="true"/>
    <property name="windir" value="C:\Windows"/>
    <property name="=C:" value="C:\"/>
    <property name="file.encoding" value="Cp1252"/>
    <property name="SystemDrive" value="C:"/>
    <property name="maven3.interceptor" value="C:\Users\DMECH.53\.jenkins\plugins\maven-plugin\WEB-INF\lib\maven33-interceptor-1.8.1.jar"/>
    <property name="WORKSPACE" value="C:\Users\DMECH.53\.jenkins\workspace\cucumber_mav"/>
    <property name="maven3.interceptor.common" value="C:\Users\DMECH.53\.jenkins\plugins\maven-plugin\WEB-INF\lib\maven3-interceptor-commons-1.8.1.jar"/>
    <property name="java.specification.version" value="1.8"/>
    <property name="PSModulePath" value="C:\Windows\system32\WindowsPowerShell\v1.0\Modules\;C:\Program Files\AutoIt3\AutoItX"/>
  </properties>
  <testcase name="Given Open Firefox browser and start the application" classname="| test1@xyz.com | test12 |" time="0.002"/>
  <testcase name="When Enter the valid &quot;test1@xyz.com&quot; and &quot;test12&quot;" classname="| test1@xyz.com | test12 |" time="0"/>
  <testcase name="Then user should be able to login" classname="| test1@xyz.com | test12 |" time="0"/>
  <testcase name="Then close the browser" classname="| test1@xyz.com | test12 |" time="0"/>
  <testcase name="| test1@xyz.com | test12 |" classname="| test1@xyz.com | test12 |" time="0"/>
  <testcase name="Given Open Firefox browser and start the application" classname="| test3@xyz.com | test13 |" time="0"/>
  <testcase name="When Enter the valid &quot;test3@xyz.com&quot; and &quot;test13&quot;" classname="| test3@xyz.com | test13 |" time="0"/>
  <testcase name="Then user should be able to login" classname="| test3@xyz.com | test13 |" time="0"/>
  <testcase name="Then close the browser" classname="| test3@xyz.com | test13 |" time="0"/>
  <testcase name="| test3@xyz.com | test13 |" classname="| test3@xyz.com | test13 |" time="0"/>
  <testcase name="Given Open Firefox browser and start the application" classname="| test4@xyz.com | test14 |" time="0"/>
  <testcase name="When Enter the valid &quot;test4@xyz.com&quot; and &quot;test14&quot;" classname="| test4@xyz.com | test14 |" time="0"/>
  <testcase name="Then user should be able to login" classname="| test4@xyz.com | test14 |" time="0"/>
  <testcase name="Then close the browser" classname="| test4@xyz.com | test14 |" time="0"/>
  <testcase name="| test4@xyz.com | test14 |" classname="| test4@xyz.com | test14 |" time="0.001"/>
</testsuite>